<?xml version="1.0" encoding="UTF-8"?>
<!-- Generated by org.testng.reporters.JUnitReportReporter -->
<testsuite skipped="0" hostname="GulJen" name="unitedAirlinesTest.UnitedAirlinesMainMenuTest" tests="5" failures="0" timestamp="2022-06-12T02:22:18 CDT" time="38.874" errors="0">
  <testcase name="validateMainMenuItems" time="8.467" classname="unitedAirlinesTest.UnitedAirlinesMainMenuTest"/>
  <system-out/>
  <testcase name="validateBookTravelNavItems" time="7.016" classname="unitedAirlinesTest.UnitedAirlinesMainMenuTest"/>
  <system-out/>
  <testcase name="validateRadioButtons" time="6.454" classname="unitedAirlinesTest.UnitedAirlinesMainMenuTest"/>
  <system-out/>
  <testcase name="validateCheckBoxes" time="6.932" classname="unitedAirlinesTest.UnitedAirlinesMainMenuTest"/>
  <system-out/>
  <testcase name="validateSearchResults" time="10.005" classname="unitedAirlinesTest.UnitedAirlinesMainMenuTest"/>
  <system-out/>
</testsuite> <!-- unitedAirlinesTest.UnitedAirlinesMainMenuTest -->
